<?xml version="1.0" encoding="UTF-8"?>
<!-- Generated by org.testng.reporters.JUnitReportReporter -->
<testsuite hostname="DESKTOP-1LROGRO" failures="0" tests="1" name="Databinding.volza.com.Global_Trade_data_Test" time="25.027" errors="0" timestamp="2024-04-01T16:53:56 IST" skipped="0">
  <testcase classname="Databinding.volza.com.Global_Trade_data_Test" name="lunchurl" time="25.027"/>
</testsuite> <!-- Databinding.volza.com.Global_Trade_data_Test -->
