<?xml version="1.0" encoding="UTF-8"?>
<!-- Generated by org.testng.reporters.JUnitReportReporter -->
<testsuite hostname="DESKTOP-1LROGRO" failures="0" tests="2" name="Databinding.volza.com.Global_Trade_data_Test" time="17.594" errors="0" timestamp="2024-04-02T12:36:52 IST" skipped="0">
  <testcase classname="Databinding.volza.com.Global_Trade_data_Test" name="lunchurl" time="16.636"/>
  <testcase classname="Databinding.volza.com.Global_Trade_data_Test" name="bblink" time="0.958"/>
</testsuite> <!-- Databinding.volza.com.Global_Trade_data_Test -->
